<?xml version='1.0' encoding='UTF-8' ?>
<testsuites tests="21" failures="0" errors="0" skipped="0" time="0.000" timestamp="2026-09-16T09:57:57" hostname="localhost">
  <testsuite name="com.imsi.mud.ui.AppRootTest" tests="4" failures="0" errors="0" skipped="0" time="12.296" timestamp="2026-09-16T09:57:57" hostname="localhost">
    <properties>
      <property name="device" value="emulator-5554" />
    </properties>
    <testcase name="emptyAndBlockedStatesOfferAnAccessibleBackAction" classname="com.imsi.mud.ui.AppRootTest" time="4.577" />
    <testcase name="retryIsAccessibleAndDoesNotTurnAnErrorIntoSuccess" classname="com.imsi.mud.ui.AppRootTest" time="2.611" />
    <testcase name="errorReasonIsRedactedForPublicUi" classname="com.imsi.mud.ui.AppRootTest" time="2.132" />
    <testcase name="rendersEachShellStateAndKeepsTheRegistryClosed" classname="com.imsi.mud.ui.AppRootTest" time="2.976" />
  </testsuite>
  <testsuite name="com.imsi.mud.ui.MainActivityTest" tests="1" failures="0" errors="0" skipped="0" time="2.340" timestamp="2026-09-16T09:57:57" hostname="localhost">
    <properties>
      <property name="device" value="emulator-5554" />
    </properties>
    <testcase name="coldLaunchOpensPhase2RouteInsteadOfReadyPlaceholder" classname="com.imsi.mud.ui.MainActivityTest" time="2.340" />
  </testsuite>
  <testsuite name="com.imsi.mud.ui.Phase2TimeUiTest" tests="11" failures="0" errors="0" skipped="0" time="27.339" timestamp="2026-09-16T09:57:57" hostname="localhost">
    <properties>
      <property name="device" value="emulator-5554" />
    </properties>
    <testcase name="rendersStatusesSummaryAndAllowedAdvanceControls" classname="com.imsi.mud.ui.Phase2TimeUiTest" time="2.726" />
    <testcase name="androidPcg32MatchesReferenceVectorAndDrawCounter" classname="com.imsi.mud.ui.Phase2TimeUiTest" time="1.955" />
    <testcase name="rejectsDecisionRequiredCombinedWithAdvanceInProgress" classname="com.imsi.mud.ui.Phase2TimeUiTest" time="2.224" />
    <testcase name="routeAllowsPauseWhileAdvanceExecuteIsStillPending" classname="com.imsi.mud.ui.Phase2TimeUiTest" time="2.822" />
    <testcase name="controllerRoutesStartDecisionAndControlThroughCoreAuthorityApis" classname="com.imsi.mud.ui.Phase2TimeUiTest" time="2.256" />
    <testcase name="routeExecutesAdvanceOnceWhenStartIsTappedTwice" classname="com.imsi.mud.ui.Phase2TimeUiTest" time="2.536" />
    <testcase name="stalePreviewOffersRefreshAndDoesNotSubmitResolution" classname="com.imsi.mud.ui.Phase2TimeUiTest" time="2.603" />
    <testcase name="mainActivityContentEntersPhase2RouteWhenEntryIsProvided" classname="com.imsi.mud.ui.Phase2TimeUiTest" time="2.102" />
    <testcase name="hidesCancelWhenProtectedCompletionHasNoAllowedControls" classname="com.imsi.mud.ui.Phase2TimeUiTest" time="2.282" />
    <testcase name="decisionChoiceCarriesCanonicalSelectionAndNeverShowsPause" classname="com.imsi.mud.ui.Phase2TimeUiTest" time="2.752" />
    <testcase name="requiresExplicitConfirmationBeforeRiskResolutionCallback" classname="com.imsi.mud.ui.Phase2TimeUiTest" time="3.081" />
  </testsuite>
  <testsuite name="com.imsi.mud.ui.debug.DebugAssetGalleryTest" tests="5" failures="0" errors="0" skipped="0" time="21.287" timestamp="2026-09-16T09:57:57" hostname="localhost">
    <properties>
      <property name="device" value="emulator-5554" />
    </properties>
    <testcase name="p1It003_terminalDiagnosticsStayOutsideTheGalleryState" classname="com.imsi.mud.ui.debug.DebugAssetGalleryTest" time="1.798" />
    <testcase name="p1Ct003_loadingIsAnnouncedOnce" classname="com.imsi.mud.ui.debug.DebugAssetGalleryTest" time="3.775" />
    <testcase name="p1It003_exactAndFallbackKeepTheSamePublicLabel" classname="com.imsi.mud.ui.debug.DebugAssetGalleryTest" time="4.978" />
    <testcase name="p1Pt001_processPssIsMeasuredAgainstTheMinProfileLimit" classname="com.imsi.mud.ui.debug.DebugAssetGalleryTest" time="5.704" />
    <testcase name="p1Et001_skippedAndTerminalStatesKeepTextAndActionsWithoutImageSemantics" classname="com.imsi.mud.ui.debug.DebugAssetGalleryTest" time="5.032" />
  </testsuite>
</testsuites>
