<?xml version='1.0' encoding='UTF-8' ?>
<testsuites tests="16" failures="0" errors="0" skipped="0" time="0.000" timestamp="2026-09-16T07:18:24" hostname="localhost">
  <testsuite name="com.imsi.mud.ui.AppRootTest" tests="2" failures="0" errors="0" skipped="0" time="14.506" timestamp="2026-09-16T07:18:24" hostname="localhost">
    <properties>
      <property name="device" value="emulator-5554" />
    </properties>
    <testcase name="retryIsAccessibleAndDoesNotTurnAnErrorIntoSuccess" classname="com.imsi.mud.ui.AppRootTest" time="8.980" />
    <testcase name="rendersEachShellStateAndKeepsTheRegistryClosed" classname="com.imsi.mud.ui.AppRootTest" time="5.526" />
  </testsuite>
  <testsuite name="com.imsi.mud.ui.Phase2TimeUiTest" tests="9" failures="0" errors="0" skipped="0" time="30.319" timestamp="2026-09-16T07:18:24" hostname="localhost">
    <properties>
      <property name="device" value="emulator-5554" />
    </properties>
    <testcase name="rendersStatusesSummaryAndAllowedAdvanceControls" classname="com.imsi.mud.ui.Phase2TimeUiTest" time="5.322" />
    <testcase name="androidPcg32MatchesReferenceVectorAndDrawCounter" classname="com.imsi.mud.ui.Phase2TimeUiTest" time="2.927" />
    <testcase name="rejectsDecisionRequiredCombinedWithAdvanceInProgress" classname="com.imsi.mud.ui.Phase2TimeUiTest" time="2.715" />
    <testcase name="controllerRoutesStartDecisionAndControlThroughCoreAuthorityApis" classname="com.imsi.mud.ui.Phase2TimeUiTest" time="2.653" />
    <testcase name="routeExecutesAdvanceOnceWhenStartIsTappedTwice" classname="com.imsi.mud.ui.Phase2TimeUiTest" time="3.504" />
    <testcase name="stalePreviewOffersRefreshAndDoesNotSubmitResolution" classname="com.imsi.mud.ui.Phase2TimeUiTest" time="3.340" />
    <testcase name="hidesCancelWhenProtectedCompletionHasNoAllowedControls" classname="com.imsi.mud.ui.Phase2TimeUiTest" time="2.465" />
    <testcase name="decisionChoiceCarriesCanonicalSelectionAndNeverShowsPause" classname="com.imsi.mud.ui.Phase2TimeUiTest" time="3.560" />
    <testcase name="requiresExplicitConfirmationBeforeRiskResolutionCallback" classname="com.imsi.mud.ui.Phase2TimeUiTest" time="3.833" />
  </testsuite>
  <testsuite name="com.imsi.mud.ui.debug.DebugAssetGalleryTest" tests="5" failures="0" errors="0" skipped="0" time="18.375" timestamp="2026-09-16T07:18:24" hostname="localhost">
    <properties>
      <property name="device" value="emulator-5554" />
    </properties>
    <testcase name="p1It003_terminalDiagnosticsStayOutsideTheGalleryState" classname="com.imsi.mud.ui.debug.DebugAssetGalleryTest" time="3.130" />
    <testcase name="p1Ct003_loadingIsAnnouncedOnce" classname="com.imsi.mud.ui.debug.DebugAssetGalleryTest" time="5.274" />
    <testcase name="p1It003_exactAndFallbackKeepTheSamePublicLabel" classname="com.imsi.mud.ui.debug.DebugAssetGalleryTest" time="3.177" />
    <testcase name="p1Pt001_processPssIsMeasuredAgainstTheMinProfileLimit" classname="com.imsi.mud.ui.debug.DebugAssetGalleryTest" time="3.864" />
    <testcase name="p1Et001_skippedAndTerminalStatesKeepTextAndActionsWithoutImageSemantics" classname="com.imsi.mud.ui.debug.DebugAssetGalleryTest" time="2.930" />
  </testsuite>
</testsuites>
